0 info it worked if it ends with ok
1 verbose cli [ '/usr/local/bin/node', '/usr/local/bin/npm', 'run', 'test' ]
2 info using npm@2.15.9
3 info using node@v4.4.2
4 verbose run-script [ 'pretest', 'test', 'posttest' ]
5 info pretest eslint-config-auth0@3.0.0
6 verbose unsafe-perm in lifecycle true
7 info eslint-config-auth0@3.0.0 Failed to exec pretest script
8 verbose stack Error: eslint-config-auth0@3.0.0 pretest: `eslint-find-rules --unused`
8 verbose stack Exit status 1
8 verbose stack     at EventEmitter.<anonymous> (/usr/local/lib/node_modules/npm/lib/utils/lifecycle.js:217:16)
8 verbose stack     at emitTwo (events.js:87:13)
8 verbose stack     at EventEmitter.emit (events.js:172:7)
8 verbose stack     at ChildProcess.<anonymous> (/usr/local/lib/node_modules/npm/lib/utils/spawn.js:24:14)
8 verbose stack     at emitTwo (events.js:87:13)
8 verbose stack     at ChildProcess.emit (events.js:172:7)
8 verbose stack     at maybeClose (internal/child_process.js:827:16)
8 verbose stack     at Process.ChildProcess._handle.onexit (internal/child_process.js:211:5)
9 verbose pkgid eslint-config-auth0@3.0.0
10 verbose cwd /Users/ramasilveyra/Work/Auth0/javascript/packages/eslint-config-auth0
11 error Darwin 15.6.0
12 error argv "/usr/local/bin/node" "/usr/local/bin/npm" "run" "test"
13 error node v4.4.2
14 error npm  v2.15.9
15 error code ELIFECYCLE
16 error eslint-config-auth0@3.0.0 pretest: `eslint-find-rules --unused`
16 error Exit status 1
17 error Failed at the eslint-config-auth0@3.0.0 pretest script 'eslint-find-rules --unused'.
17 error This is most likely a problem with the eslint-config-auth0 package,
17 error not with npm itself.
17 error Tell the author that this fails on your system:
17 error     eslint-find-rules --unused
17 error You can get information on how to open an issue for this project with:
17 error     npm bugs eslint-config-auth0
17 error Or if that isn't available, you can get their info via:
17 error
17 error     npm owner ls eslint-config-auth0
17 error There is likely additional logging output above.
18 verbose exit [ 1, true ]
